<?xml version="1.0" encoding="UTF-8"?>
<!-- Generated by org.testng.reporters.JUnitXMLReporter -->
<testsuite ignored="0" hostname="MSI" failures="1" tests="6" name="ChromeTest" time="294.915" errors="0" timestamp="2023-09-10T17:14:57 IST">
  <testcase classname="com.bestbuy.tests.BestBuySignupTest" name="signUpPage" time="40.564"/>
  <testcase classname="com.bestbuy.tests.BestBuyBottomPageTest" name="bottomLinkValidation" time="101.87"/>
  <testcase classname="com.bestbuy.tests.BestBuyMenuTest" name="menuNavigation" time="25.943"/>
  <testcase classname="com.bestbuy.tests.BestBuyAddItemsTest" name="add_Items_toCart" time="72.187">
    <failure type="java.lang.AssertionError">
      <![CDATA[java.lang.AssertionError
at com.bestbuy.utils.Reports.reportStep(Reports.java:73)
at com.bestbuy.utils.SelWrappers.click(SelWrappers.java:151)
at com.bestbuy.pages.BestBuyAddItemsPage.searchAndAddItems(BestBuyAddItemsPage.java:183)
at com.bestbuy.utils.BestWrappers.bestBuyAddItemsToCart(BestWrappers.java:39)
at com.bestbuy.tests.BestBuyAddItemsTest.add_Items_toCart(BestBuyAddItemsTest.java:22)
at java.base/java.util.ArrayList.forEach(ArrayList.java:1511)
... Removed 27 stack frames]]>
    </failure>
  </testcase> <!-- add_Items_toCart -->
  <testcase classname="com.bestbuy.tests.BestBuySignin_NegativeTest" name="signIn_invalidCredentials" time="25.702"/>
  <testcase classname="com.bestbuy.tests.BestBuySearch_NegativeTest" name="signIn_invalidCredentials" time="26.535"/>
</testsuite> <!-- ChromeTest -->
